<?xml version="1.0" encoding="UTF-8"?>
<!-- Generated by org.testng.reporters.JUnitReportReporter -->
<testsuite hostname="Apsars-MacBook-Pro.local" failures="0" tests="1" name="com.testscenarios.Collegeprivacypolicy" time="23.318" errors="0" timestamp="2022-03-17T20:36:52 EDT" skipped="0">
  <testcase classname="com.testscenarios.Collegeprivacypolicy" name="f" time="23.318"/>
  <system-out/>
</testsuite> <!-- com.testscenarios.Collegeprivacypolicy -->
