<?xml version="1.0" encoding="UTF-8"?>
<!-- Generated by org.testng.reporters.JUnitReportReporter -->
<testsuite hostname="Apsars-MacBook-Pro.local" failures="0" tests="1" name="com.testscenarios.Fbxcel" time="11.440" errors="0" timestamp="2022-03-22T23:09:42 EDT" skipped="0">
  <testcase classname="com.testscenarios.Fbxcel" name="f" time="11.440"/>
  <system-out/>
</testsuite> <!-- com.testscenarios.Fbxcel -->
