<?xml version="1.0" encoding="UTF-8"?>
<!-- Generated by org.testng.reporters.JUnitReportReporter -->
<testsuite hostname="Apsars-MacBook-Pro.local" failures="0" tests="1" name="com.testscenarios.ApppleVacation" time="159.243" errors="0" timestamp="2022-03-24T23:32:46 EDT" skipped="0">
  <testcase classname="com.testscenarios.ApppleVacation" name="f" time="159.243"/>
  <system-out/>
</testsuite> <!-- com.testscenarios.ApppleVacation -->
