<?xml version="1.0" encoding="UTF-8"?>
<!-- Generated by org.testng.reporters.JUnitReportReporter -->
<testsuite hostname="Apsars-MacBook-Pro.local" failures="0" tests="1" name="com.testscenarios.ReadTestdatafromExcel" time="1.355" errors="0" timestamp="2022-03-23T12:35:45 EDT" skipped="0">
  <testcase classname="com.testscenarios.ReadTestdatafromExcel" name="f" time="1.355"/>
  <system-out/>
</testsuite> <!-- com.testscenarios.ReadTestdatafromExcel -->
