<?xml version="1.0" encoding="UTF-8"?>
<!-- Generated by org.testng.reporters.JUnitReportReporter -->
<testsuite hostname="Apsars-MacBook-Pro.local" failures="0" tests="1" name="com.testscenarios.DemoQa" time="36.504" errors="0" timestamp="2022-03-17T20:36:52 EDT" skipped="0">
  <testcase classname="com.testscenarios.DemoQa" name="f" time="36.504"/>
  <system-out/>
</testsuite> <!-- com.testscenarios.DemoQa -->
