<?xml version="1.0" encoding="UTF-8"?>
<!-- Generated by org.testng.reporters.JUnitReportReporter -->
<testsuite hostname="Apsars-MacBook-Pro.local" failures="0" tests="1" name="com.testscenarios.Fblogin1" time="13.925" errors="0" timestamp="2022-03-23T12:52:49 EDT" skipped="0">
  <testcase classname="com.testscenarios.Fblogin1" name="f" time="13.925"/>
  <system-out/>
</testsuite> <!-- com.testscenarios.Fblogin1 -->
