<?xml version="1.0" encoding="UTF-8"?>
<!-- Generated by org.testng.reporters.JUnitReportReporter -->
<testsuite hostname="Apsars-MacBook-Pro.local" failures="0" tests="2" name="com.testscenarios.Toyota" time="43.603" errors="0" timestamp="2022-03-18T16:47:45 EDT" skipped="0">
  <testcase classname="com.testscenarios.Toyota" name="f" time="18.190"/>
  <system-out/>
  <testcase classname="com.testscenarios.Toyota" name="f" time="25.413"/>
  <system-out/>
</testsuite> <!-- com.testscenarios.Toyota -->
