<?xml version="1.0" encoding="UTF-8"?>
<!-- Generated by org.testng.reporters.JUnitReportReporter -->
<testsuite hostname="Apsars-MacBook-Pro.local" failures="0" tests="1" name="com.testscenarios.Toyato1" time="23.935" errors="0" timestamp="2022-03-21T17:01:22 EDT" skipped="0">
  <testcase classname="com.testscenarios.Toyato1" name="testToyato" time="23.935"/>
  <system-out/>
</testsuite> <!-- com.testscenarios.Toyato1 -->
