<?xml version="1.0" encoding="UTF-8"?>
<!-- Generated by org.testng.reporters.JUnitReportReporter -->
<testsuite hostname="Apsars-MacBook-Pro.local" failures="0" tests="1" name="com.testscenarios.Popup" time="12.828" errors="0" timestamp="2022-04-07T15:06:32 EDT" skipped="0">
  <testcase classname="com.testscenarios.Popup" name="f" time="12.828"/>
  <system-out/>
</testsuite> <!-- com.testscenarios.Popup -->
